<?xml version="1.0" encoding="UTF-8"?>
<!-- Generated by org.testng.reporters.JUnitXMLReporter -->
<testsuite hostname="DESKTOP-CG7B0GJ" ignored="7" name="Test" tests="3" failures="0" timestamp="10 Nov 2022 13:14:42 GMT" time="56.121" errors="0">
  <testcase name="test1" time="3.474" classname="com.testng.testn"/>
  <testcase name="test1" time="2.303" classname="com.testng.amazon"/>
  <testcase name="test2" time="0.304" classname="com.testng.testn"/>
  <testcase name="test6" time="0.0" classname="com.testng.testn">
    <ignored/>
  </testcase> <!-- test6 -->
  <testcase name="test4" time="0.0" classname="com.testng.testn">
    <ignored/>
  </testcase> <!-- test4 -->
  <testcase name="test7" time="0.0" classname="com.testng.testn">
    <ignored/>
  </testcase> <!-- test7 -->
  <testcase name="test5" time="0.0" classname="com.testng.testn">
    <ignored/>
  </testcase> <!-- test5 -->
  <testcase name="test3" time="0.0" classname="com.testng.testn">
    <ignored/>
  </testcase> <!-- test3 -->
  <testcase name="test2" time="0.0" classname="com.testng.amazon">
    <ignored/>
  </testcase> <!-- test2 -->
  <testcase name="test3" time="0.0" classname="com.testng.amazon">
    <ignored/>
  </testcase> <!-- test3 -->
</testsuite> <!-- Test -->
